Process ID           Proc.Name Wrkng.Set PagedPool  NonPgdPl  Pagefile    Commit   Handles   Threads
         0              (null)     16384         0         0         0         0         0         1
         2              System    204800         0         0     36864     36864       258        26
        21            smss.exe    204800       933      1224    167936    167936        38         6
        24           csrss.exe   1589248     31702      4992   1802240   1802240       302         9
        35        WINLOGON.EXE         0     20226     11392   1142784   1142784        53         4
        41        SERVICES.EXE    679936     16988    180524   1175552   1175552       228        16
        44           LSASS.EXE    536576     12028     12224    864256    864256        84        11
        70         SPOOLSS.EXE    401408     14121     11704   1986560   1986560        64         7
        45           RPCSS.EXE    262144     15939    987188    860160    860160        83         6
        80        NDDEAGNT.EXE     20480      9751      1848    323584    323584        16         1
        85         SPSDOCK.exe    204800      9834      1848    233472    233472        21         3
        97          SPSPWR.exe    229376      9889      1952    258048    258048        25         3
       102         TAPISRV.EXE    204800     13568     12772    700416    700416        83        11
        88        portserv.exe    401408     11126     51532    434176    434176        31         3
       121        wtxregds.exe    167936     10820     35252    475136    475136        29         3
       123        EXPLORER.EXE   3960832     18625      4060   1351680   1351680        64         5
       128          RASMAN.EXE   1052672     17457     25856   1097728   1097728       123        11
       153          RASSRV.EXE   1347584     13754      5812    774144    774144        81         6
       155         systray.exe    204800     12510      2036    299008    299008        25         2
       146        FINDFAST.EXE   2912256     19098      3772   1048576   1048576        46         2
       159             OSA.EXE         0     18795      2420    380928    380928        34         2
       178             CMD.EXE    573440     11288      1848    401408    401408        21         1
       162          RASMON.EXE    204800     15081      3252    659456    659456        47         2
       203       ICQDetect.exe    335872     12855      3044    630784    630784        40         1
       195           NTVDM.EXE    204800     15862      3052   1179648   1179648        35         3
       201          OS2SRV.EXE    786432     10806     10780    487424    487424        77         6
        47           os2ss.exe         0       653       704     90112     90112        10         1
       150           NTVDM.EXE   2768896     32912      4688   2396160   2396160        55         2
       196             CMD.EXE   1273856     11288      1848    401408    401408        20         1
       158             TOP.EXE    598016      3826       964    258048    258048         9         1
        63         MEMSNAP.EXE    520192      3802      1144    167936    167936        10         1
